This is pdfTeX, Version 3.1415926-2.4-1.40.13 (MiKTeX 2.9) (preloaded format=pdflatex 2013.4.20)  3 MAY 2013 02:03
entering extended mode
**C:/Users/Ben/Documents/GitHub/IDE/ide.tex
(C:/Users/Ben/Documents/GitHub/IDE/ide.tex
LaTeX2e <2011/06/27>
Babel <v3.8m> and hyphenation patterns for english, afrikaans, ancientgreek, ar
abic, armenian, assamese, basque, bengali, bokmal, bulgarian, catalan, coptic, 
croatian, czech, danish, dutch, esperanto, estonian, farsi, finnish, french, ga
lician, german, german-x-2012-05-30, greek, gujarati, hindi, hungarian, iceland
ic, indonesian, interlingua, irish, italian, kannada, kurmanji, latin, latvian,
 lithuanian, malayalam, marathi, mongolian, mongolianlmc, monogreek, ngerman, n
german-x-2012-05-30, nynorsk, oriya, panjabi, pinyin, polish, portuguese, roman
ian, russian, sanskrit, serbian, slovak, slovenian, spanish, swedish, swissgerm
an, tamil, telugu, turkish, turkmen, ukenglish, ukrainian, uppersorbian, usengl
ishmax, welsh, loaded.
(C:\Users\Ben\SkyDrive\Latex\tex\latex\base\article.cls
Document Class: article 2007/10/19 v1.4h Standard LaTeX document class
(C:\Users\Ben\SkyDrive\Latex\tex\latex\base\size12.clo
File: size12.clo 2007/10/19 v1.4h Standard LaTeX file (size option)
)
\c@part=\count79
\c@section=\count80
\c@subsection=\count81
\c@subsubsection=\count82
\c@paragraph=\count83
\c@subparagraph=\count84
\c@figure=\count85
\c@table=\count86
\abovecaptionskip=\skip41
\belowcaptionskip=\skip42
\bibindent=\dimen102
)
(C:\Users\Ben\SkyDrive\Latex\tex\generic\babel\babel.sty
Package: babel 2008/07/08 v3.8m The Babel package

*************************************
* Local config file bblopts.cfg used
*
(C:\Users\Ben\SkyDrive\Latex\tex\latex\00miktex\bblopts.cfg
File: bblopts.cfg 2006/07/31 v1.0 MiKTeX 'babel' configuration
)
(C:\Users\Ben\SkyDrive\Latex\tex\generic\babel\frenchb.ldf
Language: frenchb 2009/03/16 v2.3d French support from the babel system

(C:\Users\Ben\SkyDrive\Latex\tex\generic\babel\babel.def
File: babel.def 2008/07/08 v3.8m Babel common definitions
\babel@savecnt=\count87
\U@D=\dimen103
)
Package babel Info: Making : an active character on input line 120.
Package babel Info: Making ; an active character on input line 121.
Package babel Info: Making ! an active character on input line 122.
Package babel Info: Making ? an active character on input line 123.
\FB@Mht=\dimen104
\std@mcc=\count88
\dec@mcc=\count89
\parindentFFN=\dimen105

*************************************
* Local config file frenchb.cfg used
*
(C:\Users\Ben\SkyDrive\Latex\tex\generic\babel\frenchb.cfg)))
(C:\Users\Ben\SkyDrive\Latex\tex\latex\carlisle\scalefnt.sty)
(C:\Users\Ben\SkyDrive\Latex\tex\latex\graphics\keyval.sty
Package: keyval 1999/03/16 v1.13 key=value parser (DPC)
\KV@toks@=\toks14
)
(C:\Users\Ben\SkyDrive\Latex\tex\latex\graphics\color.sty
Package: color 2005/11/14 v1.0j Standard LaTeX Color (DPC)

(C:\Users\Ben\SkyDrive\Latex\tex\latex\00miktex\color.cfg
File: color.cfg 2007/01/18 v1.5 color configuration of teTeX/TeXLive
)
Package color Info: Driver file: pdftex.def on input line 130.

(C:\Users\Ben\SkyDrive\Latex\tex\latex\pdftex-def\pdftex.def
File: pdftex.def 2011/05/27 v0.06d Graphics/color for pdfTeX

(C:\Users\Ben\SkyDrive\Latex\tex\generic\oberdiek\infwarerr.sty
Package: infwarerr 2010/04/08 v1.3 Providing info/warning/error messages (HO)
)
(C:\Users\Ben\SkyDrive\Latex\tex\generic\oberdiek\ltxcmds.sty
Package: ltxcmds 2011/11/09 v1.22 LaTeX kernel commands for general use (HO)
)
\Gread@gobject=\count90
))
(C:\Users\Ben\SkyDrive\Latex\tex\latex\base\inputenc.sty
Package: inputenc 2008/03/30 v1.1d Input encoding file
\inpenc@prehook=\toks15
\inpenc@posthook=\toks16

(C:\Users\Ben\SkyDrive\Latex\tex\latex\base\utf8.def
File: utf8.def 2008/04/05 v1.1m UTF-8 support for inputenc
Now handling font encoding OML ...
... no UTF-8 mapping file for font encoding OML
Now handling font encoding T1 ...
... processing UTF-8 mapping file for font encoding T1

(C:\Users\Ben\SkyDrive\Latex\tex\latex\base\t1enc.dfu
File: t1enc.dfu 2008/04/05 v1.1m UTF-8 support for inputenc
   defining Unicode char U+00A1 (decimal 161)
   defining Unicode char U+00A3 (decimal 163)
   defining Unicode char U+00AB (decimal 171)
   defining Unicode char U+00BB (decimal 187)
   defining Unicode char U+00BF (decimal 191)
   defining Unicode char U+00C0 (decimal 192)
   defining Unicode char U+00C1 (decimal 193)
   defining Unicode char U+00C2 (decimal 194)
   defining Unicode char U+00C3 (decimal 195)
   defining Unicode char U+00C4 (decimal 196)
   defining Unicode char U+00C5 (decimal 197)
   defining Unicode char U+00C6 (decimal 198)
   defining Unicode char U+00C7 (decimal 199)
   defining Unicode char U+00C8 (decimal 200)
   defining Unicode char U+00C9 (decimal 201)
   defining Unicode char U+00CA (decimal 202)
   defining Unicode char U+00CB (decimal 203)
   defining Unicode char U+00CC (decimal 204)
   defining Unicode char U+00CD (decimal 205)
   defining Unicode char U+00CE (decimal 206)
   defining Unicode char U+00CF (decimal 207)
   defining Unicode char U+00D0 (decimal 208)
   defining Unicode char U+00D1 (decimal 209)
   defining Unicode char U+00D2 (decimal 210)
   defining Unicode char U+00D3 (decimal 211)
   defining Unicode char U+00D4 (decimal 212)
   defining Unicode char U+00D5 (decimal 213)
   defining Unicode char U+00D6 (decimal 214)
   defining Unicode char U+00D8 (decimal 216)
   defining Unicode char U+00D9 (decimal 217)
   defining Unicode char U+00DA (decimal 218)
   defining Unicode char U+00DB (decimal 219)
   defining Unicode char U+00DC (decimal 220)
   defining Unicode char U+00DD (decimal 221)
   defining Unicode char U+00DE (decimal 222)
   defining Unicode char U+00DF (decimal 223)
   defining Unicode char U+00E0 (decimal 224)
   defining Unicode char U+00E1 (decimal 225)
   defining Unicode char U+00E2 (decimal 226)
   defining Unicode char U+00E3 (decimal 227)
   defining Unicode char U+00E4 (decimal 228)
   defining Unicode char U+00E5 (decimal 229)
   defining Unicode char U+00E6 (decimal 230)
   defining Unicode char U+00E7 (decimal 231)
   defining Unicode char U+00E8 (decimal 232)
   defining Unicode char U+00E9 (decimal 233)
   defining Unicode char U+00EA (decimal 234)
   defining Unicode char U+00EB (decimal 235)
   defining Unicode char U+00EC (decimal 236)
   defining Unicode char U+00ED (decimal 237)
   defining Unicode char U+00EE (decimal 238)
   defining Unicode char U+00EF (decimal 239)
   defining Unicode char U+00F0 (decimal 240)
   defining Unicode char U+00F1 (decimal 241)
   defining Unicode char U+00F2 (decimal 242)
   defining Unicode char U+00F3 (decimal 243)
   defining Unicode char U+00F4 (decimal 244)
   defining Unicode char U+00F5 (decimal 245)
   defining Unicode char U+00F6 (decimal 246)
   defining Unicode char U+00F8 (decimal 248)
   defining Unicode char U+00F9 (decimal 249)
   defining Unicode char U+00FA (decimal 250)
   defining Unicode char U+00FB (decimal 251)
   defining Unicode char U+00FC (decimal 252)
   defining Unicode char U+00FD (decimal 253)
   defining Unicode char U+00FE (decimal 254)
   defining Unicode char U+00FF (decimal 255)
   defining Unicode char U+0102 (decimal 258)
   defining Unicode char U+0103 (decimal 259)
   defining Unicode char U+0104 (decimal 260)
   defining Unicode char U+0105 (decimal 261)
   defining Unicode char U+0106 (decimal 262)
   defining Unicode char U+0107 (decimal 263)
   defining Unicode char U+010C (decimal 268)
   defining Unicode char U+010D (decimal 269)
   defining Unicode char U+010E (decimal 270)
   defining Unicode char U+010F (decimal 271)
   defining Unicode char U+0110 (decimal 272)
   defining Unicode char U+0111 (decimal 273)
   defining Unicode char U+0118 (decimal 280)
   defining Unicode char U+0119 (decimal 281)
   defining Unicode char U+011A (decimal 282)
   defining Unicode char U+011B (decimal 283)
   defining Unicode char U+011E (decimal 286)
   defining Unicode char U+011F (decimal 287)
   defining Unicode char U+0130 (decimal 304)
   defining Unicode char U+0131 (decimal 305)
   defining Unicode char U+0132 (decimal 306)
   defining Unicode char U+0133 (decimal 307)
   defining Unicode char U+0139 (decimal 313)
   defining Unicode char U+013A (decimal 314)
   defining Unicode char U+013D (decimal 317)
   defining Unicode char U+013E (decimal 318)
   defining Unicode char U+0141 (decimal 321)
   defining Unicode char U+0142 (decimal 322)
   defining Unicode char U+0143 (decimal 323)
   defining Unicode char U+0144 (decimal 324)
   defining Unicode char U+0147 (decimal 327)
   defining Unicode char U+0148 (decimal 328)
   defining Unicode char U+014A (decimal 330)
   defining Unicode char U+014B (decimal 331)
   defining Unicode char U+0150 (decimal 336)
   defining Unicode char U+0151 (decimal 337)
   defining Unicode char U+0152 (decimal 338)
   defining Unicode char U+0153 (decimal 339)
   defining Unicode char U+0154 (decimal 340)
   defining Unicode char U+0155 (decimal 341)
   defining Unicode char U+0158 (decimal 344)
   defining Unicode char U+0159 (decimal 345)
   defining Unicode char U+015A (decimal 346)
   defining Unicode char U+015B (decimal 347)
   defining Unicode char U+015E (decimal 350)
   defining Unicode char U+015F (decimal 351)
   defining Unicode char U+0160 (decimal 352)
   defining Unicode char U+0161 (decimal 353)
   defining Unicode char U+0162 (decimal 354)
   defining Unicode char U+0163 (decimal 355)
   defining Unicode char U+0164 (decimal 356)
   defining Unicode char U+0165 (decimal 357)
   defining Unicode char U+016E (decimal 366)
   defining Unicode char U+016F (decimal 367)
   defining Unicode char U+0170 (decimal 368)
   defining Unicode char U+0171 (decimal 369)
   defining Unicode char U+0178 (decimal 376)
   defining Unicode char U+0179 (decimal 377)
   defining Unicode char U+017A (decimal 378)
   defining Unicode char U+017B (decimal 379)
   defining Unicode char U+017C (decimal 380)
   defining Unicode char U+017D (decimal 381)
   defining Unicode char U+017E (decimal 382)
   defining Unicode char U+200C (decimal 8204)
   defining Unicode char U+2013 (decimal 8211)
   defining Unicode char U+2014 (decimal 8212)
   defining Unicode char U+2018 (decimal 8216)
   defining Unicode char U+2019 (decimal 8217)
   defining Unicode char U+201A (decimal 8218)
   defining Unicode char U+201C (decimal 8220)
   defining Unicode char U+201D (decimal 8221)
   defining Unicode char U+201E (decimal 8222)
   defining Unicode char U+2030 (decimal 8240)
   defining Unicode char U+2031 (decimal 8241)
   defining Unicode char U+2039 (decimal 8249)
   defining Unicode char U+203A (decimal 8250)
   defining Unicode char U+2423 (decimal 9251)
)
Now handling font encoding OT1 ...
... processing UTF-8 mapping file for font encoding OT1

(C:\Users\Ben\SkyDrive\Latex\tex\latex\base\ot1enc.dfu
File: ot1enc.dfu 2008/04/05 v1.1m UTF-8 support for inputenc
   defining Unicode char U+00A1 (decimal 161)
   defining Unicode char U+00A3 (decimal 163)
   defining Unicode char U+00B8 (decimal 184)
   defining Unicode char U+00BF (decimal 191)
   defining Unicode char U+00C5 (decimal 197)
   defining Unicode char U+00C6 (decimal 198)
   defining Unicode char U+00D8 (decimal 216)
   defining Unicode char U+00DF (decimal 223)
   defining Unicode char U+00E6 (decimal 230)
   defining Unicode char U+00EC (decimal 236)
   defining Unicode char U+00ED (decimal 237)
   defining Unicode char U+00EE (decimal 238)
   defining Unicode char U+00EF (decimal 239)
   defining Unicode char U+00F8 (decimal 248)
   defining Unicode char U+0131 (decimal 305)
   defining Unicode char U+0141 (decimal 321)
   defining Unicode char U+0142 (decimal 322)
   defining Unicode char U+0152 (decimal 338)
   defining Unicode char U+0153 (decimal 339)
   defining Unicode char U+2013 (decimal 8211)
   defining Unicode char U+2014 (decimal 8212)
   defining Unicode char U+2018 (decimal 8216)
   defining Unicode char U+2019 (decimal 8217)
   defining Unicode char U+201C (decimal 8220)
   defining Unicode char U+201D (decimal 8221)
)
Now handling font encoding OMS ...
... processing UTF-8 mapping file for font encoding OMS

(C:\Users\Ben\SkyDrive\Latex\tex\latex\base\omsenc.dfu
File: omsenc.dfu 2008/04/05 v1.1m UTF-8 support for inputenc
   defining Unicode char U+00A7 (decimal 167)
   defining Unicode char U+00B6 (decimal 182)
   defining Unicode char U+00B7 (decimal 183)
   defining Unicode char U+2020 (decimal 8224)
   defining Unicode char U+2021 (decimal 8225)
   defining Unicode char U+2022 (decimal 8226)
)
Now handling font encoding OMX ...
... no UTF-8 mapping file for font encoding OMX
Now handling font encoding U ...
... no UTF-8 mapping file for font encoding U
   defining Unicode char U+00A9 (decimal 169)
   defining Unicode char U+00AA (decimal 170)
   defining Unicode char U+00AE (decimal 174)
   defining Unicode char U+00BA (decimal 186)
   defining Unicode char U+02C6 (decimal 710)
   defining Unicode char U+02DC (decimal 732)
   defining Unicode char U+200C (decimal 8204)
   defining Unicode char U+2026 (decimal 8230)
   defining Unicode char U+2122 (decimal 8482)
   defining Unicode char U+2423 (decimal 9251)
))
(C:\Users\Ben\SkyDrive\Latex\tex\latex\geometry\geometry.sty
Package: geometry 2010/09/12 v5.6 Page Geometry

(C:\Users\Ben\SkyDrive\Latex\tex\generic\oberdiek\ifpdf.sty
Package: ifpdf 2011/01/30 v2.3 Provides the ifpdf switch (HO)
Package ifpdf Info: pdfTeX in PDF mode is detected.
)
(C:\Users\Ben\SkyDrive\Latex\tex\generic\oberdiek\ifvtex.sty
Package: ifvtex 2010/03/01 v1.5 Detect VTeX and its facilities (HO)
Package ifvtex Info: VTeX not detected.
)
(C:\Users\Ben\SkyDrive\Latex\tex\generic\ifxetex\ifxetex.sty
Package: ifxetex 2010/09/12 v0.6 Provides ifxetex conditional
)
\Gm@cnth=\count91
\Gm@cntv=\count92
\c@Gm@tempcnt=\count93
\Gm@bindingoffset=\dimen106
\Gm@wd@mp=\dimen107
\Gm@odd@mp=\dimen108
\Gm@even@mp=\dimen109
\Gm@layoutwidth=\dimen110
\Gm@layoutheight=\dimen111
\Gm@layouthoffset=\dimen112
\Gm@layoutvoffset=\dimen113
\Gm@dimlist=\toks17

(C:\Users\Ben\SkyDrive\Latex\tex\latex\geometry\geometry.cfg))
(C:\Users\Ben\SkyDrive\Latex\tex\latex\setspace\setspace.sty
Package: setspace 2011/12/19 v6.7a set line spacing
)
(C:\Users\Ben\SkyDrive\Latex\tex\latex\graphics\graphicx.sty
Package: graphicx 1999/02/16 v1.0f Enhanced LaTeX Graphics (DPC,SPQR)

(C:\Users\Ben\SkyDrive\Latex\tex\latex\graphics\graphics.sty
Package: graphics 2009/02/05 v1.0o Standard LaTeX Graphics (DPC,SPQR)

(C:\Users\Ben\SkyDrive\Latex\tex\latex\graphics\trig.sty
Package: trig 1999/03/16 v1.09 sin cos tan (DPC)
)
(C:\Users\Ben\SkyDrive\Latex\tex\latex\00miktex\graphics.cfg
File: graphics.cfg 2007/01/18 v1.5 graphics configuration of teTeX/TeXLive
)
Package graphics Info: Driver file: pdftex.def on input line 91.
)
\Gin@req@height=\dimen114
\Gin@req@width=\dimen115
)
(C:\Users\Ben\Documents\GitHub\IDE\ide.aux)
LaTeX Font Info:    Checking defaults for OML/cmm/m/it on input line 13.
LaTeX Font Info:    ... okay on input line 13.
LaTeX Font Info:    Checking defaults for T1/cmr/m/n on input line 13.
LaTeX Font Info:    ... okay on input line 13.
LaTeX Font Info:    Checking defaults for OT1/cmr/m/n on input line 13.
LaTeX Font Info:    ... okay on input line 13.
LaTeX Font Info:    Checking defaults for OMS/cmsy/m/n on input line 13.
LaTeX Font Info:    ... okay on input line 13.
LaTeX Font Info:    Checking defaults for OMX/cmex/m/n on input line 13.
LaTeX Font Info:    ... okay on input line 13.
LaTeX Font Info:    Checking defaults for U/cmr/m/n on input line 13.
LaTeX Font Info:    ... okay on input line 13.
LaTeX Info: Redefining \degres on input line 13.
LaTeX Info: Redefining \dots on input line 13.
LaTeX Info: Redefining \up on input line 13.


Package frenchb.ldf Warning: OT1 encoding should not be used for French. 
(frenchb.ldf)                Add \usepackage[T1]{fontenc} to the preamble
(frenchb.ldf)                of your document, on input line 13.

(C:\Users\Ben\SkyDrive\Latex\tex\context\base\supp-pdf.mkii
[Loading MPS to PDF converter (version 2006.09.02).]
\scratchcounter=\count94
\scratchdimen=\dimen116
\scratchbox=\box26
\nofMPsegments=\count95
\nofMParguments=\count96
\everyMPshowfont=\toks18
\MPscratchCnt=\count97
\MPscratchDim=\dimen117
\MPnumerator=\count98
\makeMPintoPDFobject=\count99
\everyMPtoPDFconversion=\toks19
)
*geometry* driver: auto-detecting
*geometry* detected driver: pdftex
*geometry* verbose mode - [ preamble ] result:
* driver: pdftex
* paper: a4paper
* layout: <same size as paper>
* layoutoffset:(h,v)=(0.0pt,0.0pt)
* modes: 
* h-part:(L,W,R)=(85.35826pt, 426.79135pt, 85.35826pt)
* v-part:(T,H,B)=(85.35826pt, 645.87756pt, 113.81102pt)
* \paperwidth=597.50787pt
* \paperheight=845.04684pt
* \textwidth=426.79135pt
* \textheight=645.87756pt
* \oddsidemargin=13.08827pt
* \evensidemargin=13.08827pt
* \topmargin=-23.91173pt
* \headheight=12.0pt
* \headsep=25.0pt
* \topskip=12.0pt
* \footskip=30.0pt
* \marginparwidth=35.0pt
* \marginparsep=10.0pt
* \columnsep=10.0pt
* \skip\footins=10.8pt plus 4.0pt minus 2.0pt
* \hoffset=0.0pt
* \voffset=0.0pt
* \mag=1000
* \@twocolumnfalse
* \@twosidefalse
* \@mparswitchfalse
* \@reversemarginfalse
* (1in=72.27pt=25.4mm, 1cm=28.453pt)

\GPT@outputbox=\box27
<./images/logo.png, id=1, 150.5625pt x 120.45pt>
File: ./images/logo.png Graphic file (type png)
 <use ./images/logo.png>
Package pdftex.def Info: ./images/logo.png used on input line 22.
(pdftex.def)             Requested size: 64.01608pt x 51.21538pt.
LaTeX Font Info:    External font `cmex10' loaded for size
(Font)              <12> on input line 41.
LaTeX Font Info:    External font `cmex10' loaded for size
(Font)              <8> on input line 41.
LaTeX Font Info:    External font `cmex10' loaded for size
(Font)              <6> on input line 41.

[1

{C:/ProgramData/MiKTeX/2.9/pdftex/config/pdftex.map} <C:/Users/Ben/Documents/Gi
tHub/IDE/images/logo.png>] (C:\Users\Ben\Documents\GitHub\IDE\ide.toc)
\tf@toc=\write3

[1]
LaTeX Font Info:    External font `cmex10' loaded for size
(Font)              <17.28> on input line 62.
 [2]
Overfull \hbox (63.1463pt too wide) in paragraph at lines 75--75
[]$[]$ 
 []


Overfull \hbox (9.97356pt too wide) in paragraph at lines 78--79
[]\OT1/cmr/m/n/12 Un en-vi-ron-ne-ment de developpement com-porte en general
 tous les ou-tils necessaires
 []

[3] [4] [5] [6] [7

] (C:\Users\Ben\Documents\GitHub\IDE\ide.bbl
Overfull \hbox (20.80263pt too wide) in paragraph at lines 9--14
[]\OT1/cmr/m/n/12 Wikinautes, \OT1/cmr/m/it/12 Code : :Blocks\OT1/cmr/m/n/12 . 
Avril, 2013, http ://fr.wikipedia.org/wiki/Code : :Blocks. 
 []


Overfull \hbox (33.89024pt too wide) in paragraph at lines 21--25
$\OML/cmm/m/it/12 http \OT1/cmr/m/n/12 : \OML/cmm/m/it/12 ==www:ensta \OMS/cmsy
/m/n/12   \OML/cmm/m/it/12 paristech:fr= lunevill=sim[]umerique=cours=intro[]od
eblocks:pdf$\OT1/cmr/m/n/12 . 
 []

) [8] (C:\Users\Ben\Documents\GitHub\IDE\ide.lof)
\tf@lof=\write4
 [9

]
<./images/cb01.png, id=43, 1445.4pt x 782.925pt>
File: ./images/cb01.png Graphic file (type png)
 <use ./images/cb01.png>
Package pdftex.def Info: ./images/cb01.png used on input line 155.
(pdftex.def)             Requested size: 433.62335pt x 234.8793pt.

Overfull \hbox (6.832pt too wide) in paragraph at lines 155--156
[][] 
 []

<./images/cb02.png, id=44, 1309.89375pt x 671.50874pt>
File: ./images/cb02.png Graphic file (type png)
 <use ./images/cb02.png>
Package pdftex.def Info: ./images/cb02.png used on input line 161.
(pdftex.def)             Requested size: 458.4697pt x 235.03159pt.

Overfull \hbox (31.67834pt too wide) in paragraph at lines 161--162
[][] 
 []

<./images/cb03.png, id=45, 1445.4pt x 781.41937pt>
File: ./images/cb03.png Graphic file (type png)
 <use ./images/cb03.png>
Package pdftex.def Info: ./images/cb03.png used on input line 167.
(pdftex.def)             Requested size: 505.89758pt x 273.50087pt.

Overfull \hbox (79.10623pt too wide) in paragraph at lines 167--168
[][] 
 []

<./images/cb04.png, id=46, 870.25125pt x 682.04813pt>
File: ./images/cb04.png Graphic file (type png)
 <use ./images/cb04.png>
Package pdftex.def Info: ./images/cb04.png used on input line 173.
(pdftex.def)             Requested size: 478.63966pt x 375.12762pt.

Overfull \hbox (51.84831pt too wide) in paragraph at lines 173--174
[][] 
 []

<./images/cb05.png, id=47, 1127.71312pt x 447.17062pt>
File: ./images/cb05.png Graphic file (type png)
 <use ./images/cb05.png>
Package pdftex.def Info: ./images/cb05.png used on input line 179.
(pdftex.def)             Requested size: 507.46622pt x 201.22491pt.

Overfull \hbox (80.67487pt too wide) in paragraph at lines 179--180
[][] 
 []

<./images/cb06.png, id=48, 794.97pt x 782.925pt>
File: ./images/cb06.png Graphic file (type png)
 <use ./images/cb06.png>
Package pdftex.def Info: ./images/cb06.png used on input line 185.
(pdftex.def)             Requested size: 476.98569pt x 469.75862pt.

Overfull \hbox (50.19434pt too wide) in paragraph at lines 185--186
[][] 
 []

<./images/cb07.png, id=49, 969.6225pt x 784.43062pt>
File: ./images/cb07.png Graphic file (type png)
 <use ./images/cb07.png>
Package pdftex.def Info: ./images/cb07.png used on input line 191.
(pdftex.def)             Requested size: 484.81006pt x 392.21434pt.

Overfull \hbox (58.0187pt too wide) in paragraph at lines 191--192
[][] 
 []

[10 <C:/Users/Ben/Documents/GitHub/IDE/images/cb01.png> <C:/Users/Ben/Documents
/GitHub/IDE/images/cb02.png>] [11 <C:/Users/Ben/Documents/GitHub/IDE/images/cb0
3.png>] [12 <C:/Users/Ben/Documents/GitHub/IDE/images/cb04.png> <C:/Users/Ben/D
ocuments/GitHub/IDE/images/cb05.png>] [13 <C:/Users/Ben/Documents/GitHub/IDE/im
ages/cb06.png>] [14 <C:/Users/Ben/Documents/GitHub/IDE/images/cb07.png>]
(C:\Users\Ben\Documents\GitHub\IDE\ide.aux) ) 
Here is how much of TeX's memory you used:
 2677 strings out of 493921
 35976 string characters out of 3147288
 102567 words of memory out of 3000000
 5935 multiletter control sequences out of 15000+200000
 11013 words of font info for 38 fonts, out of 3000000 for 9000
 841 hyphenation exceptions out of 8191
 25i,7n,24p,1377b,281s stack positions out of 5000i,500n,10000p,200000b,50000s
<C:/Users/Ben/SkyDrive/Latex/fonts
/type1/public/amsfonts/cm/cmbx12.pfb><C:/Users/Ben/SkyDrive/Latex/fonts/type1/p
ublic/amsfonts/cm/cmcsc10.pfb><C:/Users/Ben/SkyDrive/Latex/fonts/type1/public/a
msfonts/cm/cmmi12.pfb><C:/Users/Ben/SkyDrive/Latex/fonts/type1/public/amsfonts/
cm/cmmi8.pfb><C:/Users/Ben/SkyDrive/Latex/fonts/type1/public/amsfonts/cm/cmr12.
pfb><C:/Users/Ben/SkyDrive/Latex/fonts/type1/public/amsfonts/cm/cmsy10.pfb><C:/
Users/Ben/SkyDrive/Latex/fonts/type1/public/amsfonts/cm/cmti12.pfb>
Output written on ide.pdf (15 pages, 644614 bytes).
PDF statistics:
 89 PDF objects out of 1000 (max. 8388607)
 0 named destinations out of 1000 (max. 500000)
 41 words of extra memory for PDF output out of 10000 (max. 10000000)

